\BOOKMARK [1][-]{section.1}{Preface}{}% 1
\BOOKMARK [1][-]{section.2}{Main Classes}{}% 2
\BOOKMARK [2][-]{subsection.2.1}{Document}{section.2}% 3
\BOOKMARK [3][-]{subsubsection.2.1.1}{generate\137TeX method}{subsection.2.1}% 4
\BOOKMARK [3][-]{subsubsection.2.1.2}{add method}{subsection.2.1}% 5
\BOOKMARK [3][-]{subsubsection.2.1.3}{new\137section method}{subsection.2.1}% 6
\BOOKMARK [2][-]{subsection.2.2}{\137main}{section.2}% 7
\BOOKMARK [3][-]{subsubsection.2.2.1}{Child classes}{subsection.2.2}% 8
\BOOKMARK [2][-]{subsection.2.3}{\137holder}{section.2}% 9
\BOOKMARK [3][-]{subsubsection.2.3.1}{add method}{subsection.2.3}% 10
\BOOKMARK [2][-]{subsection.2.4}{Text}{section.2}% 11
\BOOKMARK [3][-]{subsubsection.2.4.1}{Inbuilt formatting}{subsection.2.4}% 12
\BOOKMARK [3][-]{subsubsection.2.4.2}{Extra formatting}{subsection.2.4}% 13
\BOOKMARK [2][-]{subsection.2.5}{List}{section.2}% 14
\BOOKMARK [3][-]{subsubsection.2.5.1}{List types}{subsection.2.5}% 15
\BOOKMARK [2][-]{subsection.2.6}{Group}{section.2}% 16
\BOOKMARK [2][-]{subsection.2.7}{Columns}{section.2}% 17
\BOOKMARK [1][-]{section.3}{Maths Classes}{}% 18
\BOOKMARK [1][-]{section.4}{Plotting Classes}{}% 19
\BOOKMARK [2][-]{subsection.4.1}{Axis}{section.4}% 20
\BOOKMARK [3][-]{subsubsection.4.1.1}{add\137plot method}{subsection.4.1}% 21
\BOOKMARK [1][-]{section.5}{Chemistry Classes}{}% 22
